This is pdfTeX, Version 3.141592653-2.6-1.40.26 (TeX Live 2024/Homebrew) (preloaded format=pdflatex 2024.10.29)  10 SEP 2025 11:48
entering extended mode
 restricted \write18 enabled.
 file:line:error style messages enabled.
 %&-line parsing enabled.
**main.tex
(./main.tex
LaTeX2e <2023-11-01> patch level 1
L3 programming layer <2024-02-20>

(/opt/homebrew/Cellar/texlive/20240312_3/share/texmf-dist/tex/latex/base/articl
e.cls
Document Class: article 2023/05/17 v1.4n Standard LaTeX document class

(/opt/homebrew/Cellar/texlive/20240312_3/share/texmf-dist/tex/latex/base/size12
.clo
File: size12.clo 2023/05/17 v1.4n Standard LaTeX file (size option)
)
\c@part=\count188
\c@section=\count189
\c@subsection=\count190
\c@subsubsection=\count191
\c@paragraph=\count192
\c@subparagraph=\count193
\c@figure=\count194
\c@table=\count195
\abovecaptionskip=\skip48
\belowcaptionskip=\skip49
\bibindent=\dimen140
)
(/opt/homebrew/Cellar/texlive/20240312_3/share/texmf-dist/tex/generic/babel/bab
el.sty
Package: babel 2024/02/07 v24.2 The Babel package
\babel@savecnt=\count196
\U@D=\dimen141
\l@unhyphenated=\language89

(/opt/homebrew/Cellar/texlive/20240312_3/share/texmf-dist/tex/generic/babel/txt
babel.def)
\bbl@readstream=\read2
\bbl@dirlevel=\count197

(/opt/homebrew/Cellar/texlive/20240312_3/share/texmf-dist/tex/generic/babel-spa
nish/spanish.ldf
Language: spanish.ldf 2021/05/27 v5.0q Spanish support from the babel system
\es@quottoks=\toks17
\es@quotdepth=\count198
Package babel Info: Making " an active character on input line 570.
Package babel Info: Making . an active character on input line 675.
))
(/opt/homebrew/Cellar/texlive/20240312_3/share/texmf-dist/tex/generic/babel/loc
ale/es/babel-spanish.tex
Package babel Info: Importing font and identification data for spanish
(babel)             from babel-es.ini. Reported on input line 11.
)
(/opt/homebrew/Cellar/texlive/20240312_3/share/texmf-dist/tex/latex/base/inpute
nc.sty
Package: inputenc 2021/02/14 v1.3d Input encoding file
\inpenc@prehook=\toks18
\inpenc@posthook=\toks19
)
(/opt/homebrew/Cellar/texlive/20240312_3/share/texmf-dist/tex/latex/base/fonten
c.sty
Package: fontenc 2021/04/29 v2.0v Standard LaTeX package
)
(/opt/homebrew/Cellar/texlive/20240312_3/share/texmf-dist/tex/latex/geometry/ge
ometry.sty
Package: geometry 2020/01/02 v5.9 Page Geometry

(/opt/homebrew/Cellar/texlive/20240312_3/share/texmf-dist/tex/latex/graphics/ke
yval.sty
Package: keyval 2022/05/29 v1.15 key=value parser (DPC)
\KV@toks@=\toks20
)
(/opt/homebrew/Cellar/texlive/20240312_3/share/texmf-dist/tex/generic/iftex/ifv
tex.sty
Package: ifvtex 2019/10/25 v1.7 ifvtex legacy package. Use iftex instead.

(/opt/homebrew/Cellar/texlive/20240312_3/share/texmf-dist/tex/generic/iftex/ift
ex.sty
Package: iftex 2022/02/03 v1.0f TeX engine tests
))
\Gm@cnth=\count199
\Gm@cntv=\count266
\c@Gm@tempcnt=\count267
\Gm@bindingoffset=\dimen142
\Gm@wd@mp=\dimen143
\Gm@odd@mp=\dimen144
\Gm@even@mp=\dimen145
\Gm@layoutwidth=\dimen146
\Gm@layoutheight=\dimen147
\Gm@layouthoffset=\dimen148
\Gm@layoutvoffset=\dimen149
\Gm@dimlist=\toks21
) (./macros.sty
Package: macros 2025/08/18 Macros para manual de Dise침o y An치lisis de Experim
entos

(/opt/homebrew/Cellar/texlive/20240312_3/share/texmf-dist/tex/latex/environ/env
iron.sty
Package: environ 2014/05/04 v0.3 A new way to define environments

(/opt/homebrew/Cellar/texlive/20240312_3/share/texmf-dist/tex/latex/trimspaces/
trimspaces.sty
Package: trimspaces 2009/09/17 v1.1 Trim spaces around a token list
)
\@envbody=\toks22
)
(/opt/homebrew/Cellar/texlive/20240312_3/share/texmf-dist/tex/latex/amsmath/ams
math.sty
Package: amsmath 2023/05/13 v2.17o AMS math features
\@mathmargin=\skip50

For additional information on amsmath, use the `?' option.

(/opt/homebrew/Cellar/texlive/20240312_3/share/texmf-dist/tex/latex/amsmath/ams
text.sty
Package: amstext 2021/08/26 v2.01 AMS text

(/opt/homebrew/Cellar/texlive/20240312_3/share/texmf-dist/tex/latex/amsmath/ams
gen.sty
File: amsgen.sty 1999/11/30 v2.0 generic functions
\@emptytoks=\toks23
\ex@=\dimen150
))
(/opt/homebrew/Cellar/texlive/20240312_3/share/texmf-dist/tex/latex/amsmath/ams
bsy.sty
Package: amsbsy 1999/11/29 v1.2d Bold Symbols
\pmbraise@=\dimen151
)
(/opt/homebrew/Cellar/texlive/20240312_3/share/texmf-dist/tex/latex/amsmath/ams
opn.sty
Package: amsopn 2022/04/08 v2.04 operator names
)
\inf@bad=\count268
LaTeX Info: Redefining \frac on input line 234.
\uproot@=\count269
\leftroot@=\count270
LaTeX Info: Redefining \overline on input line 399.
LaTeX Info: Redefining \colon on input line 410.
\classnum@=\count271
\DOTSCASE@=\count272
LaTeX Info: Redefining \ldots on input line 496.
LaTeX Info: Redefining \dots on input line 499.
LaTeX Info: Redefining \cdots on input line 620.
\Mathstrutbox@=\box51
\strutbox@=\box52
LaTeX Info: Redefining \big on input line 722.
LaTeX Info: Redefining \Big on input line 723.
LaTeX Info: Redefining \bigg on input line 724.
LaTeX Info: Redefining \Bigg on input line 725.
\big@size=\dimen152
LaTeX Font Info:    Redeclaring font encoding OML on input line 743.
LaTeX Font Info:    Redeclaring font encoding OMS on input line 744.
\macc@depth=\count273
LaTeX Info: Redefining \bmod on input line 905.
LaTeX Info: Redefining \pmod on input line 910.
LaTeX Info: Redefining \smash on input line 940.
LaTeX Info: Redefining \relbar on input line 970.
LaTeX Info: Redefining \Relbar on input line 971.
\c@MaxMatrixCols=\count274
\dotsspace@=\muskip16
\c@parentequation=\count275
\dspbrk@lvl=\count276
\tag@help=\toks24
\row@=\count277
\column@=\count278
\maxfields@=\count279
\andhelp@=\toks25
\eqnshift@=\dimen153
\alignsep@=\dimen154
\tagshift@=\dimen155
\tagwidth@=\dimen156
\totwidth@=\dimen157
\lineht@=\dimen158
\@envbody=\toks26
\multlinegap=\skip51
\multlinetaggap=\skip52
\mathdisplay@stack=\toks27
LaTeX Info: Redefining \[ on input line 2953.
LaTeX Info: Redefining \] on input line 2954.
)
(/opt/homebrew/Cellar/texlive/20240312_3/share/texmf-dist/tex/latex/amsfonts/am
ssymb.sty
Package: amssymb 2013/01/14 v3.01 AMS font symbols

(/opt/homebrew/Cellar/texlive/20240312_3/share/texmf-dist/tex/latex/amsfonts/am
sfonts.sty
Package: amsfonts 2013/01/14 v3.01 Basic AMSFonts support
\symAMSa=\mathgroup4
\symAMSb=\mathgroup5
LaTeX Font Info:    Redeclaring math symbol \hbar on input line 98.
LaTeX Font Info:    Overwriting math alphabet `\mathfrak' in version `bold'
(Font)                  U/euf/m/n --> U/euf/b/n on input line 106.
))
(/opt/homebrew/Cellar/texlive/20240312_3/share/texmf-dist/tex/latex/amscls/amst
hm.sty
Package: amsthm 2020/05/29 v2.20.6
\thm@style=\toks28
\thm@bodyfont=\toks29
\thm@headfont=\toks30
\thm@notefont=\toks31
\thm@headpunct=\toks32
\thm@preskip=\skip53
\thm@postskip=\skip54
\thm@headsep=\skip55
\dth@everypar=\toks33
)
(/opt/homebrew/Cellar/texlive/20240312_3/share/texmf-dist/tex/latex/siunitx/siu
nitx.sty
Package: siunitx 2024-02-15 v3.3.12 A comprehensive (SI) units package
\l__siunitx_number_uncert_offset_int=\count280
\l__siunitx_number_exponent_fixed_int=\count281
\l__siunitx_number_min_decimal_int=\count282
\l__siunitx_number_min_integer_int=\count283
\l__siunitx_number_round_precision_int=\count284
\l__siunitx_number_lower_threshold_int=\count285
\l__siunitx_number_upper_threshold_int=\count286
\l__siunitx_number_group_first_int=\count287
\l__siunitx_number_group_size_int=\count288
\l__siunitx_number_group_minimum_int=\count289
\l__siunitx_angle_tmp_dim=\dimen159
\l__siunitx_angle_marker_box=\box53
\l__siunitx_angle_unit_box=\box54
\l__siunitx_compound_count_int=\count290

(/opt/homebrew/Cellar/texlive/20240312_3/share/texmf-dist/tex/latex/translation
s/translations.sty
Package: translations 2022/02/05 v1.12 internationalization of LaTeX2e packages
 (CN)

(/opt/homebrew/Cellar/texlive/20240312_3/share/texmf-dist/tex/latex/etoolbox/et
oolbox.sty
Package: etoolbox 2020/10/05 v2.5k e-TeX tools for LaTeX (JAW)
\etb@tempcnta=\count291
)
(/opt/homebrew/Cellar/texlive/20240312_3/share/texmf-dist/tex/generic/pdftexcmd
s/pdftexcmds.sty
Package: pdftexcmds 2020-06-27 v0.33 Utility functions of pdfTeX for LuaTeX (HO
)

(/opt/homebrew/Cellar/texlive/20240312_3/share/texmf-dist/tex/generic/infwarerr
/infwarerr.sty
Package: infwarerr 2019/12/03 v1.5 Providing info/warning/error messages (HO)
)
(/opt/homebrew/Cellar/texlive/20240312_3/share/texmf-dist/tex/generic/ltxcmds/l
txcmds.sty
Package: ltxcmds 2023-12-04 v1.26 LaTeX kernel commands for general use (HO)
)
Package pdftexcmds Info: \pdf@primitive is available.
Package pdftexcmds Info: \pdf@ifprimitive is available.
Package pdftexcmds Info: \pdfdraftmode found.
))
\l__siunitx_table_tmp_box=\box55
\l__siunitx_table_tmp_dim=\dimen160
\l__siunitx_table_column_width_dim=\dimen161
\l__siunitx_table_integer_box=\box56
\l__siunitx_table_decimal_box=\box57
\l__siunitx_table_uncert_box=\box58
\l__siunitx_table_before_box=\box59
\l__siunitx_table_after_box=\box60
\l__siunitx_table_before_dim=\dimen162
\l__siunitx_table_carry_dim=\dimen163
\l__siunitx_unit_tmp_int=\count292
\l__siunitx_unit_position_int=\count293
\l__siunitx_unit_total_int=\count294

(/opt/homebrew/Cellar/texlive/20240312_3/share/texmf-dist/tex/latex/tools/array
.sty
Package: array 2023/10/16 v2.5g Tabular extension package (FMi)
\col@sep=\dimen164
\ar@mcellbox=\box61
\extrarowheight=\dimen165
\NC@list=\toks34
\extratabsurround=\skip56
\backup@length=\skip57
\ar@cellbox=\box62
))
(/opt/homebrew/Cellar/texlive/20240312_3/share/texmf-dist/tex/latex/booktabs/bo
oktabs.sty
Package: booktabs 2020/01/12 v1.61803398 Publication quality tables
\heavyrulewidth=\dimen166
\lightrulewidth=\dimen167
\cmidrulewidth=\dimen168
\belowrulesep=\dimen169
\belowbottomsep=\dimen170
\aboverulesep=\dimen171
\abovetopsep=\dimen172
\cmidrulesep=\dimen173
\cmidrulekern=\dimen174
\defaultaddspace=\dimen175
\@cmidla=\count295
\@cmidlb=\count296
\@aboverulesep=\dimen176
\@belowrulesep=\dimen177
\@thisruleclass=\count297
\@lastruleclass=\count298
\@thisrulewidth=\dimen178
)
(/opt/homebrew/Cellar/texlive/20240312_3/share/texmf-dist/tex/latex/enumitem/en
umitem.sty
Package: enumitem 2019/06/20 v3.9 Customized lists
\labelindent=\skip58
\enit@outerparindent=\dimen179
\enit@toks=\toks35
\enit@inbox=\box63
\enit@count@id=\count299
\enitdp@description=\count300
)
(/opt/homebrew/Cellar/texlive/20240312_3/share/texmf-dist/tex/latex/xcolor/xcol
or.sty
Package: xcolor 2023/11/15 v3.01 LaTeX color extensions (UK)

(/opt/homebrew/Cellar/texlive/20240312_3/share/texmf-dist/tex/latex/graphics-cf
g/color.cfg
File: color.cfg 2016/01/02 v1.6 sample color configuration
)
Package xcolor Info: Driver file: pdftex.def on input line 274.

(/opt/homebrew/Cellar/texlive/20240312_3/share/texmf-dist/tex/latex/graphics-de
f/pdftex.def
File: pdftex.def 2022/09/22 v1.2b Graphics/color driver for pdftex
)
(/opt/homebrew/Cellar/texlive/20240312_3/share/texmf-dist/tex/latex/graphics/ma
thcolor.ltx)
Package xcolor Info: Model `cmy' substituted by `cmy0' on input line 1350.
Package xcolor Info: Model `hsb' substituted by `rgb' on input line 1354.
Package xcolor Info: Model `RGB' extended on input line 1366.
Package xcolor Info: Model `HTML' substituted by `rgb' on input line 1368.
Package xcolor Info: Model `Hsb' substituted by `hsb' on input line 1369.
Package xcolor Info: Model `tHsb' substituted by `hsb' on input line 1370.
Package xcolor Info: Model `HSB' substituted by `hsb' on input line 1371.
Package xcolor Info: Model `Gray' substituted by `gray' on input line 1372.
Package xcolor Info: Model `wave' substituted by `hsb' on input line 1373.
)
(/opt/homebrew/Cellar/texlive/20240312_3/share/texmf-dist/tex/latex/hyperref/hy
perref.sty
Package: hyperref 2024-01-20 v7.01h Hypertext links for LaTeX

(/opt/homebrew/Cellar/texlive/20240312_3/share/texmf-dist/tex/latex/kvsetkeys/k
vsetkeys.sty
Package: kvsetkeys 2022-10-05 v1.19 Key value parser (HO)
)
(/opt/homebrew/Cellar/texlive/20240312_3/share/texmf-dist/tex/generic/kvdefinek
eys/kvdefinekeys.sty
Package: kvdefinekeys 2019-12-19 v1.6 Define keys (HO)
)
(/opt/homebrew/Cellar/texlive/20240312_3/share/texmf-dist/tex/generic/pdfescape
/pdfescape.sty
Package: pdfescape 2019/12/09 v1.15 Implements pdfTeX's escape features (HO)
)
(/opt/homebrew/Cellar/texlive/20240312_3/share/texmf-dist/tex/latex/hycolor/hyc
olor.sty
Package: hycolor 2020-01-27 v1.10 Color options for hyperref/bookmark (HO)
)
(/opt/homebrew/Cellar/texlive/20240312_3/share/texmf-dist/tex/latex/auxhook/aux
hook.sty
Package: auxhook 2019-12-17 v1.6 Hooks for auxiliary files (HO)
)
(/opt/homebrew/Cellar/texlive/20240312_3/share/texmf-dist/tex/latex/hyperref/na
meref.sty
Package: nameref 2023-11-26 v2.56 Cross-referencing by name of section

(/opt/homebrew/Cellar/texlive/20240312_3/share/texmf-dist/tex/latex/refcount/re
fcount.sty
Package: refcount 2019/12/15 v3.6 Data extraction from label references (HO)
)
(/opt/homebrew/Cellar/texlive/20240312_3/share/texmf-dist/tex/generic/gettitles
tring/gettitlestring.sty
Package: gettitlestring 2019/12/15 v1.6 Cleanup title references (HO)

(/opt/homebrew/Cellar/texlive/20240312_3/share/texmf-dist/tex/latex/kvoptions/k
voptions.sty
Package: kvoptions 2022-06-15 v3.15 Key value format for package options (HO)
))
\c@section@level=\count301
)
\@linkdim=\dimen180
\Hy@linkcounter=\count302
\Hy@pagecounter=\count303

(/opt/homebrew/Cellar/texlive/20240312_3/share/texmf-dist/tex/latex/hyperref/pd
1enc.def
File: pd1enc.def 2024-01-20 v7.01h Hyperref: PDFDocEncoding definition (HO)
Now handling font encoding PD1 ...
... no UTF-8 mapping file for font encoding PD1
)
(/opt/homebrew/Cellar/texlive/20240312_3/share/texmf-dist/tex/generic/intcalc/i
ntcalc.sty
Package: intcalc 2019/12/15 v1.3 Expandable calculations with integers (HO)
)
\Hy@SavedSpaceFactor=\count304

(/opt/homebrew/Cellar/texlive/20240312_3/share/texmf-dist/tex/latex/hyperref/pu
enc.def
File: puenc.def 2024-01-20 v7.01h Hyperref: PDF Unicode definition (HO)
Now handling font encoding PU ...
... no UTF-8 mapping file for font encoding PU
)
Package hyperref Info: Hyper figures OFF on input line 4179.
Package hyperref Info: Link nesting OFF on input line 4184.
Package hyperref Info: Hyper index ON on input line 4187.
Package hyperref Info: Plain pages OFF on input line 4194.
Package hyperref Info: Backreferencing OFF on input line 4199.
Package hyperref Info: Implicit mode ON; LaTeX internals redefined.
Package hyperref Info: Bookmarks ON on input line 4446.
\c@Hy@tempcnt=\count305

(/opt/homebrew/Cellar/texlive/20240312_3/share/texmf-dist/tex/latex/url/url.sty
\Urlmuskip=\muskip17
Package: url 2013/09/16  ver 3.4  Verb mode for urls, etc.
)
LaTeX Info: Redefining \url on input line 4784.
\XeTeXLinkMargin=\dimen181

(/opt/homebrew/Cellar/texlive/20240312_3/share/texmf-dist/tex/generic/bitset/bi
tset.sty
Package: bitset 2019/12/09 v1.3 Handle bit-vector datatype (HO)

(/opt/homebrew/Cellar/texlive/20240312_3/share/texmf-dist/tex/generic/bigintcal
c/bigintcalc.sty
Package: bigintcalc 2019/12/15 v1.5 Expandable calculations on big integers (HO
)
))
\Fld@menulength=\count306
\Field@Width=\dimen182
\Fld@charsize=\dimen183
Package hyperref Info: Hyper figures OFF on input line 6063.
Package hyperref Info: Link nesting OFF on input line 6068.
Package hyperref Info: Hyper index ON on input line 6071.
Package hyperref Info: backreferencing OFF on input line 6078.
Package hyperref Info: Link coloring OFF on input line 6083.
Package hyperref Info: Link coloring with OCG OFF on input line 6088.
Package hyperref Info: PDF/A mode OFF on input line 6093.

(/opt/homebrew/Cellar/texlive/20240312_3/share/texmf-dist/tex/latex/base/atbegs
hi-ltx.sty
Package: atbegshi-ltx 2021/01/10 v1.0c Emulation of the original atbegshi
package with kernel methods
)
\Hy@abspage=\count307
\c@Item=\count308
\c@Hfootnote=\count309
)
Package hyperref Info: Driver (autodetected): hpdftex.

(/opt/homebrew/Cellar/texlive/20240312_3/share/texmf-dist/tex/latex/hyperref/hp
dftex.def
File: hpdftex.def 2024-01-20 v7.01h Hyperref driver for pdfTeX

(/opt/homebrew/Cellar/texlive/20240312_3/share/texmf-dist/tex/latex/base/atvery
end-ltx.sty
Package: atveryend-ltx 2020/08/19 v1.0a Emulation of the original atveryend pac
kage
with kernel methods
)
\Fld@listcount=\count310
\c@bookmark@seq@number=\count311

(/opt/homebrew/Cellar/texlive/20240312_3/share/texmf-dist/tex/latex/rerunfilech
eck/rerunfilecheck.sty
Package: rerunfilecheck 2022-07-10 v1.10 Rerun checks for auxiliary files (HO)

(/opt/homebrew/Cellar/texlive/20240312_3/share/texmf-dist/tex/generic/uniquecou
nter/uniquecounter.sty
Package: uniquecounter 2019/12/15 v1.4 Provide unlimited unique counter (HO)
)
Package uniquecounter Info: New unique counter `rerunfilecheck' on input line 2
85.
)
\Hy@SectionHShift=\skip59
)
(/opt/homebrew/Cellar/texlive/20240312_3/share/texmf-dist/tex/latex/float/float
.sty
Package: float 2001/11/08 v1.3d Float enhancements (AL)
\c@float@type=\count312
\float@exts=\toks36
\float@box=\box64
\@float@everytoks=\toks37
\@floatcapt=\box65
)
(/opt/homebrew/Cellar/texlive/20240312_3/share/texmf-dist/tex/latex/pdflscape/p
dflscape.sty
Package: pdflscape 2022-10-27 v0.13 Display of landscape pages in PDF

(/opt/homebrew/Cellar/texlive/20240312_3/share/texmf-dist/tex/latex/pdflscape/p
dflscape-nometadata.sty
Package: pdflscape-nometadata 2022-10-28 v0.13 Display of landscape pages in PD
F (HO)

(/opt/homebrew/Cellar/texlive/20240312_3/share/texmf-dist/tex/latex/graphics/ls
cape.sty
Package: lscape 2020/05/28 v3.02 Landscape Pages (DPC)

(/opt/homebrew/Cellar/texlive/20240312_3/share/texmf-dist/tex/latex/graphics/gr
aphics.sty
Package: graphics 2022/03/10 v1.4e Standard LaTeX Graphics (DPC,SPQR)

(/opt/homebrew/Cellar/texlive/20240312_3/share/texmf-dist/tex/latex/graphics/tr
ig.sty
Package: trig 2021/08/11 v1.11 sin cos tan (DPC)
)
(/opt/homebrew/Cellar/texlive/20240312_3/share/texmf-dist/tex/latex/graphics-cf
g/graphics.cfg
File: graphics.cfg 2016/06/04 v1.11 sample graphics configuration
)
Package graphics Info: Driver file: pdftex.def on input line 107.
))
Package pdflscape Info: Auto-detected driver: pdftex on input line 81.
))
Package hyperref Info: Option `colorlinks' set `true' on input line 14.
\c@ejercicio=\count313
)
(/opt/homebrew/Cellar/texlive/20240312_3/share/texmf-dist/tex/latex/l3backend/l
3backend-pdftex.def
File: l3backend-pdftex.def 2024-02-20 L3 backend support: PDF output (pdfTeX)
\l__color_backend_stack_int=\count314
\l__pdf_internal_box=\box66
)
(/Users/alejandrogonzalezturrubiates/Proyectos/DA_Experimentos/out/main.aux
LaTeX Info: Redefining \. on input line 8.
LaTeX Info: Redefining \% on input line 8.
)
\openout1 = `main.aux'.

LaTeX Font Info:    Checking defaults for OML/cmm/m/it on input line 23.
LaTeX Font Info:    ... okay on input line 23.
LaTeX Font Info:    Checking defaults for OMS/cmsy/m/n on input line 23.
LaTeX Font Info:    ... okay on input line 23.
LaTeX Font Info:    Checking defaults for OT1/cmr/m/n on input line 23.
LaTeX Font Info:    ... okay on input line 23.
LaTeX Font Info:    Checking defaults for T1/cmr/m/n on input line 23.
LaTeX Font Info:    ... okay on input line 23.
LaTeX Font Info:    Checking defaults for TS1/cmr/m/n on input line 23.
LaTeX Font Info:    ... okay on input line 23.
LaTeX Font Info:    Checking defaults for OMX/cmex/m/n on input line 23.
LaTeX Font Info:    ... okay on input line 23.
LaTeX Font Info:    Checking defaults for U/cmr/m/n on input line 23.
LaTeX Font Info:    ... okay on input line 23.
LaTeX Font Info:    Checking defaults for PD1/pdf/m/n on input line 23.
LaTeX Font Info:    ... okay on input line 23.
LaTeX Font Info:    Checking defaults for PU/pdf/m/n on input line 23.
LaTeX Font Info:    ... okay on input line 23.
LaTeX Info: Redefining \. on input line 23.
LaTeX Info: Redefining \% on input line 23.

*geometry* driver: auto-detecting
*geometry* detected driver: pdftex
*geometry* verbose mode - [ preamble ] result:
* driver: pdftex
* paper: a4paper
* layout: <same size as paper>
* layoutoffset:(h,v)=(0.0pt,0.0pt)
* modes: 
* h-part:(L,W,R)=(71.13188pt, 455.24411pt, 71.13188pt)
* v-part:(T,H,B)=(71.13188pt, 702.78308pt, 71.13188pt)
* \paperwidth=597.50787pt
* \paperheight=845.04684pt
* \textwidth=455.24411pt
* \textheight=702.78308pt
* \oddsidemargin=-1.1381pt
* \evensidemargin=-1.1381pt
* \topmargin=-38.1381pt
* \headheight=12.0pt
* \headsep=25.0pt
* \topskip=12.0pt
* \footskip=30.0pt
* \marginparwidth=44.0pt
* \marginparsep=10.0pt
* \columnsep=10.0pt
* \skip\footins=10.8pt plus 4.0pt minus 2.0pt
* \hoffset=0.0pt
* \voffset=0.0pt
* \mag=1000
* \@twocolumnfalse
* \@twosidefalse
* \@mparswitchfalse
* \@reversemarginfalse
* (1in=72.27pt=25.4mm, 1cm=28.453pt)


(/opt/homebrew/Cellar/texlive/20240312_3/share/texmf-dist/tex/latex/translation
s/translations-basic-dictionary-spanish.trsl
File: translations-basic-dictionary-spanish.trsl (spanish translation file `tra
nslations-basic-dictionary')
)
Package translations Info: loading dictionary `translations-basic-dictionary' f
or `spanish'. on input line 23.

(/opt/homebrew/Cellar/texlive/20240312_3/share/texmf-dist/tex/context/base/mkii
/supp-pdf.mkii
[Loading MPS to PDF converter (version 2006.09.02).]
\scratchcounter=\count315
\scratchdimen=\dimen184
\scratchbox=\box67
\nofMPsegments=\count316
\nofMParguments=\count317
\everyMPshowfont=\toks38
\MPscratchCnt=\count318
\MPscratchDim=\dimen185
\MPnumerator=\count319
\makeMPintoPDFobject=\count320
\everyMPtoPDFconversion=\toks39
)
(/opt/homebrew/Cellar/texlive/20240312_3/share/texmf-dist/tex/latex/epstopdf-pk
g/epstopdf-base.sty
Package: epstopdf-base 2020-01-24 v2.11 Base part for package epstopdf
Package epstopdf-base Info: Redefining graphics rule for `.eps' on input line 4
85.

(/opt/homebrew/Cellar/texlive/20240312_3/share/texmf-dist/tex/latex/latexconfig
/epstopdf-sys.cfg
File: epstopdf-sys.cfg 2010/07/13 v1.3 Configuration of (r)epstopdf for TeX Liv
e
))
Package hyperref Info: Link coloring ON on input line 23.

(/Users/alejandrogonzalezturrubiates/Proyectos/DA_Experimentos/out/main.out)
(/Users/alejandrogonzalezturrubiates/Proyectos/DA_Experimentos/out/main.out)
\@outlinefile=\write3
\openout3 = `main.out'.

LaTeX Font Info:    Trying to load font information for U+msa on input line 25.


(/opt/homebrew/Cellar/texlive/20240312_3/share/texmf-dist/tex/latex/amsfonts/um
sa.fd
File: umsa.fd 2013/01/14 v3.01 AMS symbols A
)
LaTeX Font Info:    Trying to load font information for U+msb on input line 25.


(/opt/homebrew/Cellar/texlive/20240312_3/share/texmf-dist/tex/latex/amsfonts/um
sb.fd
File: umsb.fd 2013/01/14 v3.01 AMS symbols B
)
(/Users/alejandrogonzalezturrubiates/Proyectos/DA_Experimentos/out/main.toc
LaTeX Info: Redefining \. on input line 1.
LaTeX Info: Redefining \% on input line 1.
)
\tf@toc=\write4
\openout4 = `main.toc'.


(./sections/01-introduccion.tex) (./sections/02-e-intervalos.tex [1

{/opt/homebrew/Cellar/texlive/20240312_3/share/texmf-var/fonts/map/pdftex/updma
p/pdftex.map}{/opt/homebrew/Cellar/texlive/20240312_3/share/texmf-dist/fonts/en
c/dvips/cm-super/cm-super-t1.enc}]
LaTeX Font Info:    Trying to load font information for T1+cmtt on input line 1
3.

(/opt/homebrew/Cellar/texlive/20240312_3/share/texmf-dist/tex/latex/base/t1cmtt
.fd
File: t1cmtt.fd 2023/04/13 v2.5m Standard LaTeX font definitions
)
Overfull \hbox (32.0255pt too wide) in paragraph at lines 13--13
[]\T1/cmtt/m/n/10.95 12.7, 11.9, 13.4, 12.1, 12.8, 11.6, 14.0, 12.5, 13.1, 12.0
, 11.8, 12.9, 13.3, 12.2,
 []


Overfull \hbox (14.40068pt too wide) in paragraph at lines 13--13
\T1/cmtt/m/n/10.95 11.7, 12.6, 13.0, 12.4, 11.5, 12.3, 13.2, 12.7, 11.9, 12.8, 
13.5, 12.6, 12.0, 11.8,
 []


Overfull \hbox (32.0255pt too wide) in paragraph at lines 42--42
[]\T1/cmtt/m/n/10.95 12.2, 12.6, 11.8, 12.7, 12.9, 12.4, 11.9, 12.2, 12.8, 12.3
, 12.3, 11.6, 11.9, 13.7,
 []


Overfull \hbox (14.40068pt too wide) in paragraph at lines 42--42
\T1/cmtt/m/n/10.95 12.3, 12.3, 12.9, 12.0, 13.2, 12.5, 12.4, 12.1, 12.4, 13.5, 
12.8, 12.5, 12.7, 12.7,
 []


Overfull \hbox (14.40068pt too wide) in paragraph at lines 42--42
\T1/cmtt/m/n/10.95 12.3, 11.8, 12.1, 13.0, 12.2, 12.5, 13.5, 12.7, 12.9, 12.2, 
13.0, 11.4, 13.2, 12.0,
 []

[2]
Overfull \hbox (32.0255pt too wide) in paragraph at lines 70--70
[]\T1/cmtt/m/n/10.95 12.2, 11.2, 12.4, 12.6, 11.8, 12.5, 12.5, 12.6, 12.5, 11.3
, 12.2, 12.9, 12.8, 11.8,
 []


Overfull \hbox (14.40068pt too wide) in paragraph at lines 70--70
\T1/cmtt/m/n/10.95 12.0, 12.2, 12.8, 12.8, 12.3, 11.0, 12.9, 13.3, 13.4, 12.5, 
12.8, 12.3, 12.2, 12.5,
 []


Overfull \hbox (32.0255pt too wide) in paragraph at lines 99--99
[]\T1/cmtt/m/n/10.95 12.3, 13.7, 13.0, 11.6, 11.9, 12.8, 12.7, 12.4, 12.4, 12.7
, 13.1, 12.4, 13.4, 13.3,
 []


Overfull \hbox (14.40068pt too wide) in paragraph at lines 99--99
\T1/cmtt/m/n/10.95 12.1, 13.0, 12.2, 12.2, 12.9, 12.8, 10.9, 12.4, 12.9, 11.2, 
13.2, 12.7, 13.1, 11.8,
 []


Overfull \hbox (14.40068pt too wide) in paragraph at lines 99--99
\T1/cmtt/m/n/10.95 12.8, 12.7, 12.2, 11.6, 12.6, 13.3, 12.3, 12.8, 11.2, 12.8, 
12.2, 12.4, 11.8, 13.6,
 []

[3]
Overfull \hbox (32.0255pt too wide) in paragraph at lines 128--128
[]\T1/cmtt/m/n/10.95 13.2, 11.8, 12.6, 13.1, 11.5, 13.0, 13.4, 12.9, 12.4, 12.9
, 13.5, 12.4, 11.8, 12.6,
 []


Overfull \hbox (14.40068pt too wide) in paragraph at lines 128--128
\T1/cmtt/m/n/10.95 11.7, 12.2, 13.2, 13.3, 12.3, 13.0, 13.1, 12.0, 12.8, 10.9, 
12.4, 12.0, 12.2, 12.0,
 []


Overfull \hbox (14.40068pt too wide) in paragraph at lines 128--128
\T1/cmtt/m/n/10.95 13.4, 12.1, 12.2, 12.6, 12.5, 12.5, 13.4, 13.9, 12.9, 12.8, 
11.8, 13.0, 12.1, 12.4,
 []


Overfull \hbox (32.0255pt too wide) in paragraph at lines 157--157
[]\T1/cmtt/m/n/10.95 12.2, 13.4, 12.0, 12.5, 12.2, 12.8, 12.0, 13.5, 13.2, 13.1
, 11.6, 11.9, 12.6, 12.6,
 []


Overfull \hbox (14.40068pt too wide) in paragraph at lines 157--157
\T1/cmtt/m/n/10.95 11.6, 12.5, 11.2, 12.5, 11.8, 12.9, 12.3, 12.6, 12.1, 13.1, 
12.8, 12.5, 12.5, 12.2,
 []


Overfull \hbox (14.40068pt too wide) in paragraph at lines 157--157
\T1/cmtt/m/n/10.95 13.3, 12.6, 12.1, 12.3, 12.0, 12.9, 11.8, 12.4, 12.8, 12.6, 
12.2, 12.2, 12.8, 12.7,
 []

) (./sections/02-e-intervalos-rubrica.tex
Underfull \hbox (badness 10000) in paragraph at lines 10--10
[]|\T1/cmr/m/n/12 C涇culo de la me-dia
 []

[4]) (./sections/03-e-intervalos-proporciones.tex [5
pdfTeX warning (ext4): destination with the same identifier (name{table.1}) has
 been already used, duplicate ignored
<argument> ...shipout:D \box_use:N \l_shipout_box 
                                                  \__shipout_drop_firstpage_...
l.41   \item C
              alcule $SE = \sqrt{\hat{p}(1-\hat{p})/n}$.] [6])
(./sections/03-e-intervalos-proporciones-rubrica.tex
Underfull \hbox (badness 10000) in paragraph at lines 15--15
[]|\T1/cmr/m/n/12 Determinaci蚤 co-rrec-ta de $\OML/cmm/m/it/12 SE \OT1/cmr/m/n
/12 =
 []

) (./sections/04-p-de-hipotesis.tex [7
pdfTeX warning (ext4): destination with the same identifier (name{table.2}) has
 been already used, duplicate ignored
<argument> ...shipout:D \box_use:N \l_shipout_box 
                                                  \__shipout_drop_firstpage_...
l.12 
     ] [8]) (./sections/04-p-de-hipotesis-rubrica.tex)
(./sections/05-p-de-hipotesis-proporciones.tex [9] [10
pdfTeX warning (ext4): destination with the same identifier (name{table.3}) has
 been already used, duplicate ignored
<argument> ...shipout:D \box_use:N \l_shipout_box 
                                                  \__shipout_drop_firstpage_...
l.40 U
      n proveedor asegura que solo el $5\%$ de las piezas pl치sticas present...
] [11]) (./sections/05-p-de-hipotesis-proporciones-rubrica.tex
Underfull \hbox (badness 10000) in paragraph at lines 18--18
[]|\T1/cmr/m/n/12 Interpretaci蚤 con-tex-
 []

) (./sections/06-p-de-hipotesis-pequenas.tex [12]

Package hyperref Warning: Token not allowed in a PDF string (Unicode):
(hyperref)                removing `math shift' on input line 4.


Package hyperref Warning: Token not allowed in a PDF string (Unicode):
(hyperref)                removing `\sigma' on input line 4.


Package hyperref Warning: Token not allowed in a PDF string (Unicode):
(hyperref)                removing `math shift' on input line 4.

[13
pdfTeX warning (ext4): destination with the same identifier (name{table.4}) has
 been already used, duplicate ignored
<argument> ...shipout:D \box_use:N \l_shipout_box 
                                                  \__shipout_drop_firstpage_...
l.40 }
      ] [14]) (./sections/06-p-de-hipotesis-pequenas-rubrica.tex)
(./sections/07-p-de-hipotesis-diferencia-medias.tex [15
pdfTeX warning (ext4): destination with the same identifier (name{table.5}) has
 been already used, duplicate ignored
<argument> ...shipout:D \box_use:N \l_shipout_box 
                                                  \__shipout_drop_firstpage_...
l.19 U
      na empresa desea comparar el salario por hora entre las sedes \textit{...
] [16] [17]) (./sections/07-p-de-hipotesis-diferencia-medias-rubrica.tex
Underfull \hbox (badness 5490) in paragraph at lines 22--22
[]|\T1/cmr/m/n/12 Intervalo de con-fian-za
 []


Underfull \hbox (badness 1152) in paragraph at lines 23--23
\T1/cmr/m/n/12 trial (sa-la-rios, tiem-pos de ci-clo, efi-cien-cia,
 []

) (./sections/08-p-de-hipotesis-diferencia-proporciones.tex [18] [19
pdfTeX warning (ext4): destination with the same identifier (name{table.6}) has
 been already used, duplicate ignored
<argument> ...shipout:D \box_use:N \l_shipout_box 
                                                  \__shipout_drop_firstpage_...
l.44 }
      ] [20] [21])
(./sections/08-p-de-hipotesis-diferencia-proporciones-rubrica.tex
Underfull \hbox (badness 4084) in paragraph at lines 14--14
[]|\T1/cmr/m/n/12 C涇culo de pro-por-cio-nes
 []


Underfull \hbox (badness 10000) in paragraph at lines 15--15
[]|\T1/cmr/m/n/12 Calcula ade-cua-da-men-te $\OML/cmm/m/it/12 SE \OT1/cmr/m/n/1
2 =
 []

) (./sections/09-p-de-hipotesis-diferencia-medias-pequenas.tex [22] [23
pdfTeX warning (ext4): destination with the same identifier (name{table.7}) has
 been already used, duplicate ignored
<argument> ...shipout:D \box_use:N \l_shipout_box 
                                                  \__shipout_drop_firstpage_...
l.41   \item P
              lantee $H_0:\mu_1-\mu_2=0$ \quad vs. \quad $H_1:\mu_1-\mu_2>0$...
] [24] [25])
(./sections/09-p-de-hipotesis-diferencia-medias-peque침as-rubrica.tex
Underfull \hbox (badness 1231) in paragraph at lines 14--14
[]|\T1/cmr/m/n/12 C涇culo de la va-rian-za
 []


Underfull \hbox (badness 10000) in paragraph at lines 17--17
[]|\T1/cmr/m/n/12 Determinaci蚤 de los
 []

) (./sections/99-anexos.tex [26
pdfTeX warning (ext4): destination with the same identifier (name{table.8}) has
 been already used, duplicate ignored
<argument> ...shipout:D \box_use:N \l_shipout_box 
                                                  \__shipout_drop_firstpage_...
l.119 \noindent
               \footnotesize Nota: Valores aproximados de $t_{\alpha/2,gl}$ ...
] [27] [28]
Overfull \hbox (9.71376pt too wide) in paragraph at lines 256--256
 [][] 
 []

[29] [30
pdfTeX warning (ext4): destination with the same identifier (name{table.9}) has
 been already used, duplicate ignored
<argument> ...shipout:D \box_use:N \l_shipout_box 
                                                  \__shipout_drop_firstpage_...
l.336 
      ]) [31
pdfTeX warning (ext4): destination with the same identifier (name{table.10}) ha
s been already used, duplicate ignored
<argument> ...shipout:D \box_use:N \l_shipout_box 
                                                  \__shipout_drop_firstpage_...
l.46 \end{document}
                   ]
(/Users/alejandrogonzalezturrubiates/Proyectos/DA_Experimentos/out/main.aux
LaTeX Info: Redefining \. on input line 8.
LaTeX Info: Redefining \% on input line 8.
)
 ***********
LaTeX2e <2023-11-01> patch level 1
L3 programming layer <2024-02-20>
 ***********
Package rerunfilecheck Info: File `main.out' has not changed.
(rerunfilecheck)             Checksum: D6978CFA2E226C527A28C3E848955E49;3496.
 ) 
Here is how much of TeX's memory you used:
 17050 strings out of 474116
 330630 string characters out of 5732612
 1989187 words of memory out of 5000000
 38852 multiletter control sequences out of 15000+600000
 579601 words of font info for 95 fonts, out of 8000000 for 9000
 1141 hyphenation exceptions out of 8191
 104i,15n,109p,541b,1103s stack positions out of 10000i,1000n,20000p,200000b,200000s
</opt/homebrew/Cellar/texlive/20240312_3/share/texmf-dist/fonts/type1/public/
amsfonts/cm/cmex10.pfb></opt/homebrew/Cellar/texlive/20240312_3/share/texmf-dis
t/fonts/type1/public/amsfonts/cm/cmmi10.pfb></opt/homebrew/Cellar/texlive/20240
312_3/share/texmf-dist/fonts/type1/public/amsfonts/cm/cmmi12.pfb></opt/homebrew
/Cellar/texlive/20240312_3/share/texmf-dist/fonts/type1/public/amsfonts/cm/cmmi
7.pfb></opt/homebrew/Cellar/texlive/20240312_3/share/texmf-dist/fonts/type1/pub
lic/amsfonts/cm/cmmi8.pfb></opt/homebrew/Cellar/texlive/20240312_3/share/texmf-
dist/fonts/type1/public/amsfonts/cm/cmr10.pfb></opt/homebrew/Cellar/texlive/202
40312_3/share/texmf-dist/fonts/type1/public/amsfonts/cm/cmr12.pfb></opt/homebre
w/Cellar/texlive/20240312_3/share/texmf-dist/fonts/type1/public/amsfonts/cm/cmr
17.pfb></opt/homebrew/Cellar/texlive/20240312_3/share/texmf-dist/fonts/type1/pu
blic/amsfonts/cm/cmr5.pfb></opt/homebrew/Cellar/texlive/20240312_3/share/texmf-
dist/fonts/type1/public/amsfonts/cm/cmr6.pfb></opt/homebrew/Cellar/texlive/2024
0312_3/share/texmf-dist/fonts/type1/public/amsfonts/cm/cmr7.pfb></opt/homebrew/
Cellar/texlive/20240312_3/share/texmf-dist/fonts/type1/public/amsfonts/cm/cmr8.
pfb></opt/homebrew/Cellar/texlive/20240312_3/share/texmf-dist/fonts/type1/publi
c/amsfonts/cm/cmsy10.pfb></opt/homebrew/Cellar/texlive/20240312_3/share/texmf-d
ist/fonts/type1/public/amsfonts/cm/cmsy8.pfb></opt/homebrew/Cellar/texlive/2024
0312_3/share/texmf-dist/fonts/type1/public/cm-super/sfbx1000.pfb></opt/homebrew
/Cellar/texlive/20240312_3/share/texmf-dist/fonts/type1/public/cm-super/sfbx120
0.pfb></opt/homebrew/Cellar/texlive/20240312_3/share/texmf-dist/fonts/type1/pub
lic/cm-super/sfbx1440.pfb></opt/homebrew/Cellar/texlive/20240312_3/share/texmf-
dist/fonts/type1/public/cm-super/sfbx1728.pfb></opt/homebrew/Cellar/texlive/202
40312_3/share/texmf-dist/fonts/type1/public/cm-super/sfrm0800.pfb></opt/homebre
w/Cellar/texlive/20240312_3/share/texmf-dist/fonts/type1/public/cm-super/sfrm10
00.pfb></opt/homebrew/Cellar/texlive/20240312_3/share/texmf-dist/fonts/type1/pu
blic/cm-super/sfrm1200.pfb></opt/homebrew/Cellar/texlive/20240312_3/share/texmf
-dist/fonts/type1/public/cm-super/sfrm1440.pfb></opt/homebrew/Cellar/texlive/20
240312_3/share/texmf-dist/fonts/type1/public/cm-super/sfrm2074.pfb></opt/homebr
ew/Cellar/texlive/20240312_3/share/texmf-dist/fonts/type1/public/cm-super/sfti1
200.pfb></opt/homebrew/Cellar/texlive/20240312_3/share/texmf-dist/fonts/type1/p
ublic/cm-super/sftt1095.pfb>
Output written on /Users/alejandrogonzalezturrubiates/Proyectos/DA_Experimentos
/out/main.pdf (31 pages, 456590 bytes).
PDF statistics:
 643 PDF objects out of 1000 (max. 8388607)
 554 compressed objects within 6 object streams
 292 named destinations out of 1000 (max. 500000)
 105 words of extra memory for PDF output out of 10000 (max. 10000000)

